<?xml version="1.0" encoding="UTF-8"?>
<testng-results skipped="0" failed="0" total="1" passed="1">
  <reporter-output>
  </reporter-output>
  <suite name="Default suite" duration-ms="102543" started-at="2019-12-12T16:01:28Z" finished-at="2019-12-12T16:03:11Z">
    <groups>
    </groups>
    <test name="Default test" duration-ms="102543" started-at="2019-12-12T16:01:28Z" finished-at="2019-12-12T16:03:11Z">
      <class name="clubkitchenAutomation.ClubKitchenE2EFlow">
        <test-method status="PASS" signature="setup()[pri:0, instance:clubkitchenAutomation.ClubKitchenE2EFlow@42e26948]" name="setup" is-config="true" duration-ms="19" started-at="2019-12-12T16:01:28Z" finished-at="2019-12-12T16:01:28Z">
          <reporter-output>
          </reporter-output>
        </test-method> <!-- setup -->
        <test-method status="PASS" signature="addbasket()[pri:0, instance:clubkitchenAutomation.ClubKitchenE2EFlow@42e26948]" name="addbasket" duration-ms="102335" started-at="2019-12-12T16:01:28Z" finished-at="2019-12-12T16:03:11Z">
          <reporter-output>
          </reporter-output>
        </test-method> <!-- addbasket -->
        <test-method status="PASS" signature="closebrowser()[pri:0, instance:clubkitchenAutomation.ClubKitchenE2EFlow@42e26948]" name="closebrowser" is-config="true" duration-ms="165" started-at="2019-12-12T16:03:11Z" finished-at="2019-12-12T16:03:11Z">
          <reporter-output>
          </reporter-output>
        </test-method> <!-- closebrowser -->
      </class> <!-- clubkitchenAutomation.ClubKitchenE2EFlow -->
    </test> <!-- Default test -->
  </suite> <!-- Default suite -->
</testng-results>
